<?xml version="1.0" encoding="UTF-8"?>
<!-- Generated by org.testng.reporters.JUnitXMLReporter -->
<testsuite ignored="0" hostname="SidPC" failures="0" tests="3" name="Default test" time="41.282" errors="0" timestamp="2024-08-31T11:46:39 PDT">
  <testcase classname="com.neotech.lesson01.TitleAndLogoValidation" name="loginValidation" time="9.175"/>
  <testcase classname="com.neotech.lesson01.TitleAndLogoValidation" name="logoValidation" time="1.578"/>
  <testcase classname="com.neotech.lesson01.TitleAndLogoValidation" name="titleValidation" time="0.058"/>
</testsuite> <!-- Default test -->
